INFO [2021-07-07 08:36:01] $x
INFO [2021-07-07 08:36:01] x_delete
INFO [2021-07-07 08:36:01] 
INFO [2021-07-07 08:36:01] $category.names
INFO [2021-07-07 08:36:01] c("ND_01", "ND_02", "Patient")
INFO [2021-07-07 08:36:01] 
INFO [2021-07-07 08:36:01] $filename
INFO [2021-07-07 08:36:01] NULL
INFO [2021-07-07 08:36:01] 
INFO [2021-07-07 08:36:01] $output
INFO [2021-07-07 08:36:01] [1] TRUE
INFO [2021-07-07 08:36:01] 
INFO [2021-07-07 08:36:01] $height
INFO [2021-07-07 08:36:01] [1] 480
INFO [2021-07-07 08:36:01] 
INFO [2021-07-07 08:36:01] $width
INFO [2021-07-07 08:36:01] [1] 480
INFO [2021-07-07 08:36:01] 
INFO [2021-07-07 08:36:01] $resolution
INFO [2021-07-07 08:36:01] [1] 300
INFO [2021-07-07 08:36:01] 
INFO [2021-07-07 08:36:01] $compression
INFO [2021-07-07 08:36:01] [1] "lzw"
INFO [2021-07-07 08:36:01] 
INFO [2021-07-07 08:36:01] $lwd
INFO [2021-07-07 08:36:01] [1] 1
INFO [2021-07-07 08:36:01] 
INFO [2021-07-07 08:36:01] $col
INFO [2021-07-07 08:36:01] c("#440154ff", "#21908dff", "#fde725ff")
INFO [2021-07-07 08:36:01] 
INFO [2021-07-07 08:36:01] $fill
INFO [2021-07-07 08:36:01] c(alpha("#440154ff", 0.3), alpha("#21908dff", 0.3), alpha("#fde725ff", 
INFO [2021-07-07 08:36:01]     0.3))
INFO [2021-07-07 08:36:01] 
INFO [2021-07-07 08:36:01] $cex
INFO [2021-07-07 08:36:01] [1] 0.5
INFO [2021-07-07 08:36:01] 
INFO [2021-07-07 08:36:01] $fontfamily
INFO [2021-07-07 08:36:01] [1] "sans"
INFO [2021-07-07 08:36:01] 
INFO [2021-07-07 08:36:01] $cat.cex
INFO [2021-07-07 08:36:01] [1] 0.3
INFO [2021-07-07 08:36:01] 
INFO [2021-07-07 08:36:01] $cat.default.pos
INFO [2021-07-07 08:36:01] [1] "outer"
INFO [2021-07-07 08:36:01] 
INFO [2021-07-07 08:36:01] $cat.pos
INFO [2021-07-07 08:36:01] c(-27, 27, 135)
INFO [2021-07-07 08:36:01] 
INFO [2021-07-07 08:36:01] $cat.dist
INFO [2021-07-07 08:36:01] c(0.055, 0.055, 0.085)
INFO [2021-07-07 08:36:01] 
INFO [2021-07-07 08:36:01] $cat.fontfamily
INFO [2021-07-07 08:36:01] [1] "sans"
INFO [2021-07-07 08:36:01] 
INFO [2021-07-07 08:36:01] $cat.col
INFO [2021-07-07 08:36:01] c("#440154ff", "#21908dff", "#fde725ff")
INFO [2021-07-07 08:36:01] 
INFO [2021-07-07 08:36:01] $rotation
INFO [2021-07-07 08:36:01] [1] 1
INFO [2021-07-07 08:36:01] 
