INFO [2021-07-07 08:36:15] $x
INFO [2021-07-07 08:36:15] x_delete
INFO [2021-07-07 08:36:15] 
INFO [2021-07-07 08:36:15] $category.names
INFO [2021-07-07 08:36:15] c("ND_01", "ND_02", "Patient")
INFO [2021-07-07 08:36:15] 
INFO [2021-07-07 08:36:15] $filename
INFO [2021-07-07 08:36:15] NULL
INFO [2021-07-07 08:36:15] 
INFO [2021-07-07 08:36:15] $output
INFO [2021-07-07 08:36:15] [1] TRUE
INFO [2021-07-07 08:36:15] 
INFO [2021-07-07 08:36:15] $height
INFO [2021-07-07 08:36:15] [1] 480
INFO [2021-07-07 08:36:15] 
INFO [2021-07-07 08:36:15] $width
INFO [2021-07-07 08:36:15] [1] 480
INFO [2021-07-07 08:36:15] 
INFO [2021-07-07 08:36:15] $resolution
INFO [2021-07-07 08:36:15] [1] 300
INFO [2021-07-07 08:36:15] 
INFO [2021-07-07 08:36:15] $compression
INFO [2021-07-07 08:36:15] [1] "lzw"
INFO [2021-07-07 08:36:15] 
INFO [2021-07-07 08:36:15] $lwd
INFO [2021-07-07 08:36:15] [1] 1
INFO [2021-07-07 08:36:15] 
INFO [2021-07-07 08:36:15] $col
INFO [2021-07-07 08:36:15] c("#440154ff", "#21908dff", "#fde725ff")
INFO [2021-07-07 08:36:15] 
INFO [2021-07-07 08:36:15] $fill
INFO [2021-07-07 08:36:15] c(alpha("#440154ff", 0.3), alpha("#21908dff", 0.3), alpha("#fde725ff", 
INFO [2021-07-07 08:36:15]     0.3))
INFO [2021-07-07 08:36:15] 
INFO [2021-07-07 08:36:15] $cex
INFO [2021-07-07 08:36:15] [1] 0.5
INFO [2021-07-07 08:36:15] 
INFO [2021-07-07 08:36:15] $fontfamily
INFO [2021-07-07 08:36:15] [1] "sans"
INFO [2021-07-07 08:36:15] 
INFO [2021-07-07 08:36:15] $cat.cex
INFO [2021-07-07 08:36:15] [1] 0.3
INFO [2021-07-07 08:36:15] 
INFO [2021-07-07 08:36:15] $cat.default.pos
INFO [2021-07-07 08:36:15] [1] "outer"
INFO [2021-07-07 08:36:15] 
INFO [2021-07-07 08:36:15] $cat.pos
INFO [2021-07-07 08:36:15] c(-27, 27, 135)
INFO [2021-07-07 08:36:15] 
INFO [2021-07-07 08:36:15] $cat.dist
INFO [2021-07-07 08:36:15] c(0.055, 0.055, 0.085)
INFO [2021-07-07 08:36:15] 
INFO [2021-07-07 08:36:15] $cat.fontfamily
INFO [2021-07-07 08:36:15] [1] "sans"
INFO [2021-07-07 08:36:15] 
INFO [2021-07-07 08:36:15] $cat.col
INFO [2021-07-07 08:36:15] c("#440154ff", "#21908dff", "#fde725ff")
INFO [2021-07-07 08:36:15] 
INFO [2021-07-07 08:36:15] $rotation
INFO [2021-07-07 08:36:15] [1] 1
INFO [2021-07-07 08:36:15] 
