INFO [2021-07-07 08:35:54] $x
INFO [2021-07-07 08:35:54] x_delete
INFO [2021-07-07 08:35:54] 
INFO [2021-07-07 08:35:54] $category.names
INFO [2021-07-07 08:35:54] c("ND_01", "ND_02", "Patient")
INFO [2021-07-07 08:35:54] 
INFO [2021-07-07 08:35:54] $filename
INFO [2021-07-07 08:35:54] NULL
INFO [2021-07-07 08:35:54] 
INFO [2021-07-07 08:35:54] $output
INFO [2021-07-07 08:35:54] [1] TRUE
INFO [2021-07-07 08:35:54] 
INFO [2021-07-07 08:35:54] $height
INFO [2021-07-07 08:35:54] [1] 480
INFO [2021-07-07 08:35:54] 
INFO [2021-07-07 08:35:54] $width
INFO [2021-07-07 08:35:54] [1] 480
INFO [2021-07-07 08:35:54] 
INFO [2021-07-07 08:35:54] $resolution
INFO [2021-07-07 08:35:54] [1] 300
INFO [2021-07-07 08:35:54] 
INFO [2021-07-07 08:35:54] $compression
INFO [2021-07-07 08:35:54] [1] "lzw"
INFO [2021-07-07 08:35:54] 
INFO [2021-07-07 08:35:54] $lwd
INFO [2021-07-07 08:35:54] [1] 1
INFO [2021-07-07 08:35:54] 
INFO [2021-07-07 08:35:54] $col
INFO [2021-07-07 08:35:54] c("#440154ff", "#21908dff", "#fde725ff")
INFO [2021-07-07 08:35:54] 
INFO [2021-07-07 08:35:54] $fill
INFO [2021-07-07 08:35:54] c(alpha("#440154ff", 0.3), alpha("#21908dff", 0.3), alpha("#fde725ff", 
INFO [2021-07-07 08:35:54]     0.3))
INFO [2021-07-07 08:35:54] 
INFO [2021-07-07 08:35:54] $cex
INFO [2021-07-07 08:35:54] [1] 0.5
INFO [2021-07-07 08:35:54] 
INFO [2021-07-07 08:35:54] $fontfamily
INFO [2021-07-07 08:35:54] [1] "sans"
INFO [2021-07-07 08:35:54] 
INFO [2021-07-07 08:35:54] $cat.cex
INFO [2021-07-07 08:35:54] [1] 0.3
INFO [2021-07-07 08:35:54] 
INFO [2021-07-07 08:35:54] $cat.default.pos
INFO [2021-07-07 08:35:54] [1] "outer"
INFO [2021-07-07 08:35:54] 
INFO [2021-07-07 08:35:54] $cat.pos
INFO [2021-07-07 08:35:54] c(-27, 27, 135)
INFO [2021-07-07 08:35:54] 
INFO [2021-07-07 08:35:54] $cat.dist
INFO [2021-07-07 08:35:54] c(0.055, 0.055, 0.085)
INFO [2021-07-07 08:35:54] 
INFO [2021-07-07 08:35:54] $cat.fontfamily
INFO [2021-07-07 08:35:54] [1] "sans"
INFO [2021-07-07 08:35:54] 
INFO [2021-07-07 08:35:54] $cat.col
INFO [2021-07-07 08:35:54] c("#440154ff", "#21908dff", "#fde725ff")
INFO [2021-07-07 08:35:54] 
INFO [2021-07-07 08:35:54] $rotation
INFO [2021-07-07 08:35:54] [1] 1
INFO [2021-07-07 08:35:54] 
